{
  "RSpec": {
    "coverage": {
      "/app/app/api/api_base.rb": {
        "lines": [
          1,
          null,
          1,
          1,
          1,
          1,
          null,
          1,
          null,
          1,
          null,
          null,
          null,
          null,
          null,
          null,
          null,
          1,
          1,
          null,
          1,
          0,
          0,
          null,
          null,
          1,
          0,
          0,
          null,
          null,
          1,
          0,
          0,
          0,
          null,
          0,
          0,
          null,
          0,
          0,
          0,
          null,
          null,
          0,
          null,
          0,
          0,
          null,
          0,
          null,
          null,
          1,
          0,
          null,
          null,
          1,
          null
        ]
      },
      "/app/app/api/strong_params.rb": {
        "lines": [
          1,
          1,
          null,
          1,
          0,
          null,
          null,
          null,
          null
        ]
      },
      "/app/app/api/constants.rb": {
        "lines": [
          1,
          1,
          null,
          1,
          1,
          1,
          1,
          1,
          1,
          1,
          1,
          1,
          1,
          1,
          null
        ]
      },
      "/app/app/api/json_formatter.rb": {
        "lines": [
          1,
          1,
          1,
          1,
          0,
          null,
          0,
          null,
          0,
          null,
          0,
          0,
          null,
          0,
          null,
          null,
          null,
          0,
          null,
          null,
          0,
          null,
          null,
          null,
          1,
          1,
          1,
          0,
          null,
          0,
          null,
          0,
          0,
          0,
          0,
          null,
          null,
          0,
          0,
          0,
          null,
          0,
          0,
          null,
          null,
          0,
          null,
          0,
          null,
          null,
          null
        ]
      },
      "/app/app/api/api_error.rb": {
        "lines": [
          1,
          1,
          1,
          null,
          1,
          0,
          0,
          0,
          null,
          null,
          null
        ]
      },
      "/app/app/api/v1/root.rb": {
        "lines": [
          1,
          1,
          1,
          1,
          null,
          null
        ]
      },
      "/app/app/api/v1/auth.rb": {
        "lines": [
          1,
          1,
          null,
          1,
          null,
          3,
          3,
          null,
          null,
          3,
          0,
          null,
          null,
          3,
          3,
          null,
          3,
          0,
          null,
          null,
          null,
          null,
          null
        ]
      },
      "/app/app/api/v1/users.rb": {
        "lines": [
          1,
          1,
          null,
          1,
          null,
          3,
          0,
          0,
          0,
          null,
          null,
          3,
          0,
          0,
          0,
          null,
          null,
          null,
          null
        ]
      },
      "/app/app/models/user.rb": {
        "lines": [
          1,
          null,
          null
        ]
      },
      "/app/app/models/application_record.rb": {
        "lines": [
          1,
          1,
          null
        ]
      },
      "/app/app/services/application_service.rb": {
        "lines": [
          1,
          1,
          null,
          1,
          null,
          1,
          0,
          0,
          null,
          0,
          null,
          null,
          1,
          0,
          null,
          null,
          1,
          1,
          1,
          null,
          null,
          1,
          null,
          null,
          null,
          null,
          1,
          null,
          null,
          1,
          0,
          null,
          0,
          0,
          0,
          0,
          null,
          0,
          null,
          null,
          1,
          0,
          null,
          null,
          1,
          0,
          null,
          null,
          1,
          0,
          null,
          null,
          null
        ]
      },
      "/app/app/mailers/application_mailer.rb": {
        "lines": [
          0,
          0,
          0,
          0
        ],
        "branches": {
        }
      },
      "/app/app/api/v1/entities/base.rb": {
        "lines": [
          0,
          0,
          null,
          0,
          0
        ],
        "branches": {
        }
      },
      "/app/app/api/v1/entities/users.rb": {
        "lines": [
          0,
          0,
          0,
          0,
          0,
          0
        ],
        "branches": {
        }
      },
      "/app/app/jobs/application_job.rb": {
        "lines": [
          0,
          null,
          null,
          null,
          null,
          null,
          0
        ],
        "branches": {
        }
      },
      "/app/app/controllers/application_controller.rb": {
        "lines": [
          0,
          0
        ],
        "branches": {
        }
      },
      "/app/app/services/auth/base.rb": {
        "lines": [
          0,
          null,
          0,
          0,
          null,
          null,
          0,
          0,
          0,
          0,
          0,
          0,
          0,
          0,
          0,
          null,
          0,
          0,
          null,
          0,
          0,
          null,
          0,
          0,
          0
        ],
        "branches": {
        }
      },
      "/app/app/services/auth/guard_validation.rb": {
        "lines": [
          0,
          null,
          0,
          0,
          0,
          null,
          0,
          0,
          0,
          null,
          0,
          0,
          0,
          null,
          0,
          0,
          0,
          0,
          0,
          0,
          null
        ],
        "branches": {
        }
      },
      "/app/app/services/auth/facebook.rb": {
        "lines": [
          0,
          0,
          null,
          0,
          null,
          0,
          null,
          null,
          0,
          0,
          null,
          null,
          0,
          0,
          0,
          null,
          null,
          0,
          0,
          null,
          0,
          null
        ],
        "branches": {
        }
      },
      "/app/app/services/auth/google.rb": {
        "lines": [
          0,
          0,
          null,
          0,
          null,
          0,
          null,
          null,
          0,
          0,
          0,
          null,
          0,
          null
        ],
        "branches": {
        }
      },
      "/app/app/services/user/guard_validation.rb": {
        "lines": [
          0,
          null,
          0,
          0,
          0,
          0,
          0,
          null
        ],
        "branches": {
        }
      },
      "/app/app/services/user/get_info.rb": {
        "lines": [
          0,
          null,
          0,
          null,
          0,
          null,
          null,
          0,
          0,
          0,
          null
        ],
        "branches": {
        }
      }
    },
    "timestamp": 1598435409
  }
}
